C51 COMPILER V9.01   MAIN                                                                  07/11/2016 18:22:57 PAGE 1   


C51 COMPILER V9.01, COMPILATION OF MODULE MAIN
OBJECT MODULE PLACED IN main.OBJ
COMPILER INVOKED BY: F:\Keil4\C51\BIN\C51.EXE main.c BROWSE DEBUG OBJECTEXTEND

line level    source

   1          //单片机晶振12M
   2          #include <reg52.h>
   3          #include <intrins.h>
   4          #define uchar unsigned char
   5          #define uint  unsigned int
   6          
   7          #define count 16           //级联个数
   8          //定义Max7219端口
   9          sbit Max7219_pinCLK = P2^2;
  10          sbit Max7219_pinCS  = P2^1;
  11          sbit Max7219_pinDIN = P2^0;
  12          uchar code disp1[16][8]=
  13          {     
  14           {0x92,0xfe,0x10,0x3e,0x62,0x94,0x08,0x70},//4 岁
  15           {0xfe,0x20,0x20,0x3e,0x22,0x42,0x84,0x08},//3 万  
  16           {0xFE,0xBA,0x92,0xBA,0x92,0x9A,0xBA,0xFE},//2 国
  17           {0x10,0xFE,0x92,0x92,0xFE,0x10,0x10,0x10},//1 中
  18          
  19           {0x7C,0x42,0x42,0x42,0x42,0x42,0x42,0x7C},//4 D                   
  20           {0x3C,0x42,0x40,0x40,0x40,0x40,0x42,0x3C},//3 C                   
  21           {0x7C,0x42,0x42,0x7C,0x42,0x42,0x42,0x7C},//2 B
  22           {0x18,0x24,0x42,0x42,0x7E,0x42,0x42,0x42},//1 A
  23          
  24           {0x44,0x44,0x44,0x7C,0x44,0x44,0x44,0x44},//4 H
  25           {0x3C,0x40,0x40,0x40,0x40,0x44,0x44,0x3C},//3 G  
  26           {0x7C,0x40,0x40,0x7C,0x40,0x40,0x40,0x40},//2 F
  27           {0x7C,0x40,0x40,0x7C,0x40,0x40,0x40,0x7C},//1 E
  28          
  29           {0x08,0x18,0x28,0x48,0xFE,0x08,0x08,0x08},//4 4
  30           {0x7E,0x02,0x02,0x7E,0x02,0x02,0x02,0x7E},//3 3
  31           {0x7E,0x02,0x02,0x7E,0x40,0x40,0x40,0x7E},//2 2
  32           {0x08,0x18,0x28,0x08,0x08,0x08,0x08,0x3E},//1 1
  33          
  34          };
  35          void Delay_xms(uint x);
  36          void Write_Max7219_byte(uchar DATA);//写入一字节
  37          void Write_Max7219(uchar address1,uchar dat1,uchar address2,uchar dat2);
  38          void Init_MAX7219(void);
  39                                // 锁存进相应寄存器
  40          
  41          
  42          void main(void)
  43          {
  44   1       uchar i,j;
  45   1       Delay_xms(50);
  46   1       Init_MAX7219();  
  47   1       while(1)
  48   1       {
  49   2        // for(i=1;i<9;i++)
  50   2       //   Write_Max7219(i,disp1[1][i-1],i,disp1[0][i-1]);
  51   2      
  52   2         for(i=1;i<9;i++)
  53   2         {
  54   3         
  55   3       //  Write_Max7219(i,disp1[1][i-1],i,disp1[0][i-1]);
C51 COMPILER V9.01   MAIN                                                                  07/11/2016 18:22:57 PAGE 2   

  56   3      
  57   3          Max7219_pinCS=0;
  58   3          for(j=0;j<count;j++)
  59   3          {
  60   4              Write_Max7219_byte(i);           //写入地址，即数码管编号
  61   4              Write_Max7219_byte(disp1[count-1-j][i-1]);              //写入数据，即数码管显示数字 
  62   4                    _nop_();
  63   4           }
  64   3           Max7219_pinCS=1;    
  65   3       
  66   3         }
  67   2         Delay_xms(1000);
  68   2        
  69   2       } 
  70   1      }
  71          void Init_MAX7219(void)
  72          { 
  73   1      /*   Write_Max7219(0x09, 0x00,0x09, 0x00);       //译码方式：BCD码
  74   1        Write_Max7219(0x0a, 0x03,0x0a, 0x03);       //亮度 
  75   1        Write_Max7219(0x0b, 0x07,0x0b, 0x07);       //扫描界限；8个数码管显示
  76   1        Write_Max7219(0x0c, 0x01,0x0c, 0x01);       //掉电模式：0，普通模式：1
  77   1        Write_Max7219(0x0f, 0x00,0x0f, 0x00);       //显示测试：1；测试结束，正常显示：0
  78   1        */
  79   1      uchar  i;
  80   1        Max7219_pinCS=0;
  81   1        for(i=0;i<count;i++)
  82   1        {
  83   2          Write_Max7219_byte(0x09); //译码方式：BCD码       
  84   2          Write_Max7219_byte(0x00);    
  85   2        }
  86   1        Max7219_pinCS=1;
  87   1        _nop_();
  88   1        Max7219_pinCS=0;
  89   1        for(i=0;i<count;i++)
  90   1        {
  91   2          Write_Max7219_byte(0x0a); //亮度    
  92   2          Write_Max7219_byte(0x03);    
  93   2        }
  94   1        Max7219_pinCS=1;
  95   1       _nop_();
  96   1         Max7219_pinCS=0;
  97   1        for(i=0;i<count;i++)
  98   1        {
  99   2          Write_Max7219_byte(0x0b); // //扫描界限；8个数码管显示  
 100   2          Write_Max7219_byte(0x07);    
 101   2        }
 102   1        Max7219_pinCS=1;
 103   1        _nop_();
 104   1        Max7219_pinCS=0;
 105   1        for(i=0;i<count;i++)
 106   1        {
 107   2          Write_Max7219_byte(0x0c); //   //掉电模式：0，普通模式：1
 108   2          Write_Max7219_byte(0x01);    
 109   2        }
 110   1        Max7219_pinCS=1;
 111   1        Max7219_pinCS=0;
 112   1        for(i=0;i<count;i++)
 113   1        {
 114   2          Write_Max7219_byte(0x0f); //显示测试：1；测试结束，正常显示：0
 115   2          Write_Max7219_byte(0x00);    
 116   2        }
 117   1        Max7219_pinCS=1;
C51 COMPILER V9.01   MAIN                                                                  07/11/2016 18:22:57 PAGE 3   

 118   1        _nop_();
 119   1      }
 120          void Write_Max7219(uchar address1,uchar dat1,uchar address2,uchar dat2)
 121          { 
 122   1           uchar i;
 123   1           Max7219_pinCS=0;
 124   1           Write_Max7219_byte(address1);           //写入地址，即数码管编号
 125   1           Write_Max7219_byte(dat1);              //写入数据，即数码管显示数字 
 126   1           Write_Max7219_byte(address2);           //写入地址，即数码管编号
 127   1           Write_Max7219_byte(dat2);      //写入数据，即数码管显示数字 
 128   1                    _nop_();
 129   1           
 130   1           Max7219_pinCS=1;                        
 131   1      }
*** WARNING C280 IN LINE 122 OF MAIN.C: 'i': unreferenced local variable
 132          //--------------------------------------------
 133          //功能：向MAX7219(U3)写入字节
 134          //入口参数：DATA 
 135          //出口参数：无
 136          //说明：
 137          void Write_Max7219_byte(uchar DATA)         
 138          {
 139   1              uchar i;    
 140   1                  for(i=8;i>=1;i--)
 141   1                {               
 142   2                  Max7219_pinCLK=0;
 143   2                  Max7219_pinDIN=DATA&0x80;
 144   2                  DATA=DATA<<1;
 145   2                  Max7219_pinCLK=1;
 146   2                 }                                 
 147   1      }
 148          void Delay_xms(uint x)
 149          {
 150   1       uint i,j;
 151   1       for(i=0;i<x;i++)
 152   1        for(j=0;j<112;j++);
 153   1      }


MODULE INFORMATION:   STATIC OVERLAYABLE
   CODE SIZE        =    300    ----
   CONSTANT SIZE    =    128    ----
   XDATA SIZE       =   ----    ----
   PDATA SIZE       =   ----    ----
   DATA SIZE        =   ----       8
   IDATA SIZE       =   ----    ----
   BIT SIZE         =   ----    ----
END OF MODULE INFORMATION.


C51 COMPILATION COMPLETE.  1 WARNING(S),  0 ERROR(S)
